Log gestartet am 2025-02-26 18:24:55.230713
[2025-02-26 18:25:33] User input: Hello, can you please conduct a taint analysis on the files in /home/till/Schreibtisch/Uni/SoftwareDevelopmentTools/ExampleExecutions/GenericExecuter/code/e1. Use void GenericExecutor1.method1() as sink and source. Please tell me, if you can derive any vulnerabilites from this output.
[2025-02-26 18:25:35] The LLM decided to call a function.
[2025-02-26 18:25:35] Call of function 'taint_analysis' with the following file path (normalized): /home/till/Schreibtisch/Uni/SoftwareDevelopmentTools/ExampleExecutions/GenericExecuter/code/e1, sources: void GenericExecutor1.method1() and sinks: void GenericExecutor1.method1()
[2025-02-26 18:25:35] About to execute the following command: sbt "project Demos; runMain org.opalj.tac.fpcf.analyses.taint.ConfigurableJavaForwardTaintAnalysisRunner \"/home/till/Schreibtisch/Uni/SoftwareDevelopmentTools/ExampleExecutions/GenericExecuter/code/e1\" --sources \"void GenericExecutor1.method1()\" --sinks \"void GenericExecutor1.method1()\""
[2025-02-26 18:25:52] The execution was succesful and resulted in the following output: [info] welcome to sbt 1.9.7 (Arch Linux Java 1.8.0_442)
[info] loading settings for project root from libraries.sbt,opal-plugins.sbt,plugins.sbt,settings.sbt ...
[info] loading project definition from /home/till/Schreibtisch/Uni/SoftwareDevelopmentTools/opal/DEVELOPING_OPAL/plugins/sbt-java-fixture-compiler/project
[info] loading settings for project sbt-java-fixture-compiler from build.sbt ...
[info] loading project definition from /home/till/Schreibtisch/Uni/SoftwareDevelopmentTools/opal/project
[info] loading settings for project OPAL from build.sbt ...
[info] loading settings for project Common from build.sbt ...
[info] loading settings for project StaticAnalysisInfrastructure from build.sbt ...
[info] loading settings for project BytecodeInfrastructure from build.sbt ...
[info] loading settings for project BytecodeRepresentation from build.sbt ...
[info] loading settings for project BytecodeDisassembler from build.sbt ...
[info] loading settings for project BytecodeCreator from build.sbt ...
[info] loading settings for project AbstractInterpretationFramework from build.sbt ...
[info] loading settings for project IFDS from build.sbt ...
[info] loading settings for project ThreeAddressCode from build.sbt ...
[info] loading settings for project BytecodeAssembler from build.sbt ...
[info] loading settings for project DependenciesExtractionLibrary from build.sbt ...
[info] loading settings for project ArchitectureValidation from build.sbt ...
[info] loading settings for project LLVM from build.sbt ...
[info] loading settings for project APK from build.sbt ...
[info] loading settings for project Framework from build.sbt ...
[info] loading settings for project Hermes from build.sbt ...
[info] loading settings for project Tools from build.sbt ...
[info] loading settings for project Validate from build.sbt ...
[info] loading settings for project ValidateCross from build.sbt ...
[info] loading settings for project Demos from build.sbt ...
[info] resolving key references (25811 settings) ...
[info] set current project to OPAL Library (in build file:/home/till/Schreibtisch/Uni/SoftwareDevelopmentTools/opal/)
[info] set current project to Demos (in build file:/home/till/Schreibtisch/Uni/SoftwareDevelopmentTools/opal/)
[info] running (fork) org.opalj.tac.fpcf.analyses.taint.ConfigurableJavaForwardTaintAnalysisRunner /home/till/Schreibtisch/Uni/SoftwareDevelopmentTools/ExampleExecutions/GenericExecuter/code/e1 --sources "void GenericExecutor1.method1()" --sinks "void GenericExecutor1.method1()"
[info] [info][OPAL Bytecode Representation] Production Build
[info] [info][class file reader] information about class files synthesized at parsing time is removed
[info] [info][class file reader] the control-flow is simplified
[info] [info][class file reader] control flow simplifications are not logged
[info] [info][class file reader] invokedynamics are rewritten
[info] [info][class file reader] rewrites of LambdaMetaFactory based invokedynamics are not logged
[info] [info][class file reader] rewrites of StringConcatFactory based invokedynamics are not logged
[info] [info][class file reader] rewrites of StringConcatFactory based invokedynamics are not logged
[info] [info][class file reader] unknown invokedynamics are logged
[info] [info][class file reader] dynamic constants are rewritten
[info] [info][class file reader] rewrites of dynamic constants are not logged
[info] [info][class file reader] unknown dynamic constants are logged
[info] [info][class file reader] unresolved dynamic constants are logged
[info] [warn][OPAL] the property org.opalj.threads.CPUBoundTasks is unspecified
[info] [info][OPAL] using 6 thread(s) for CPU bound tasks (can be changed by setting the system property org.opalj.threads.CPUBoundTasks; the number should be equal to the number of physical – not hyperthreaded – cores)
[info] [warn][OPAL] the property org.opalj.threads.IOBoundTasks is unspecified
[info] [info][OPAL] using at most 12 thread(s) for IO bound tasks (can be changed by setting the system property org.opalj.threads.IOBoundTasks; the number should be betweeen 1 and 2 times the number of (hyperthreaded) cores)
[info] [info][OPAL Common] Production Build
[info] [info][project configuration] JDK classes not found (using the preconfigured type hierarchy (based on Java 7) for classes belonging java.lang)
[info] [info][project configuration] ignored duplicate type declarations for: {java.lang.reflect.UndeclaredThrowableException, java.lang.reflect.AnnotatedElement, java.lang.reflect.InvocationTargetException, java.lang.reflect.Type, java.lang.reflect.MalformedParameterizedTypeException, java.lang.reflect.GenericSignatureFormatError, java.io.Serializable, java.lang.reflect.GenericDeclaration}
[info] [info][project setup] computing type hierarchy took 0,0865 s
[info] [info][project setup] computing overriding information took 0,0058 s
[info] [warn][project configuration - instance methods] no class files found for: {java.io.Serializable, java.lang.AbstractMethodError, java.lang.ArithmeticException, java.lang.ArrayIndexOutOfBoundsException, java.lang.ArrayStoreException, java.lang.AssertionError, java.lang.BootstrapMethodError, java.lang.CharSequence, java.lang.Class, java.lang.ClassCastException, ...}
[info] [info][project setup] computing defined methods took 0,0173 s
[info] [info][project configuration] not using Java 11+ call semantics (required JVM version is 52)
[info] [info][project configuration] project validation revealed 0 significant issues
[info] [info][project setup] validating the project took 0,0052 s
[info] [info][project setup] creating the project took 0,2376 s
[info] void GenericExecutor1.<clinit>()
[info] void GenericExecutor1.<init>()
[info] void GenericExecutor1.main(java.lang.String[])
[info] void GenericExecutor1.method1()
[info] [info][project configuration] JDK classes not found (using the preconfigured type hierarchy (based on Java 7) for classes belonging java.lang)
[info] [info][project configuration] ignored duplicate type declarations for: {java.lang.reflect.UndeclaredThrowableException, java.lang.reflect.AnnotatedElement, java.lang.reflect.InvocationTargetException, java.lang.reflect.Type, java.lang.reflect.MalformedParameterizedTypeException, java.lang.reflect.GenericSignatureFormatError, java.io.Serializable, java.lang.reflect.GenericDeclaration}
[info] [info][project setup] computing type hierarchy took 0,0119 s
[info] [info][project setup] computing overriding information took 0,0010 s
[info] [warn][project configuration - instance methods] no class files found for: {java.io.Serializable, java.lang.AbstractMethodError, java.lang.ArithmeticException, java.lang.ArrayIndexOutOfBoundsException, java.lang.ArrayStoreException, java.lang.AssertionError, java.lang.BootstrapMethodError, java.lang.CharSequence, java.lang.Class, java.lang.ClassCastException, ...}
[info] [info][project setup] computing defined methods took 0,0037 s
[info] [info][project configuration] not using Java 11+ call semantics (required JVM version is 52)
[info] [info][project configuration] project validation revealed 0 significant issues
[info] [info][project setup] validating the project took 0,0013 s
[info] [info][project setup] creating the project took 0,0181 s
[info] [info][OPAL - new PropertyStores] org.opalj.fpcf.PropertyStore.Debug: debugging support off
[info] [info][OPAL - new PropertyStores] org.opalj.fpcf.PropertyStore.TraceFallbacks: fallbacks are not reported
[info] [info][OPAL - new PropertyStores] org.opalj.fpcf.PropertyStore.TraceSuppressedNotifications: suppressed notifications are not reported
[info] [info][project] initialization of PropertyStore took 0,0107 s
[info] [info][project] initialization of ClosedPackages took 0,0008 s
[info] [info][project] initialization of InitialInstantiatedTypes took 0,0131 s
[info] [info][project] initialization of DeclaredMethods took 0,0089 s
[info] [info][project] initialization of SimpleContexts took 0,0006 s
[info] [info][project] initialization of ClassExtensibility took 0,0082 s
[info] [info][project] initialization of TypeExtensibility took 0,0024 s
[info] [info][project] initialization of IsOverridableMethod took 0,0008 s
[info] [warn][project configuration] the declaring class java/lang/System of the entry point has not been found
[info] [warn][project configuration] the declaring class java/lang/Thread of the entry point has not been found
[info] [warn][project configuration] the declaring class java/lang/Thread of the entry point has not been found
[info] [warn][project configuration] the declaring class java/lang/ThreadGroup of the entry point has not been found
[info] [warn][project configuration] the declaring class java/lang/Thread of the entry point has not been found
[info] [warn][project configuration] the declaring class java/lang/ThreadGroup of the entry point has not been found
[info] [warn][project configuration] the declaring class java/lang/ref/Reference$ReferenceHandler of the entry point has not been found
[info] [warn][project configuration] the declaring class java/lang/ClassLoader of the entry point has not been found
[info] [warn][project configuration] the declaring class java/lang/ClassLoader of the entry point has not been found
[info] [warn][project configuration] the declaring class java/lang/ClassLoader of the entry point has not been found
[info] [warn][project configuration] the declaring class java/lang/ClassLoader of the entry point has not been found
[info] [warn][project configuration] the declaring class java/lang/ClassLoader of the entry point has not been found
[info] [warn][project configuration] the declaring class java/security/PrivilegedActionException of the entry point has not been found
[info] [info][project] initialization of InitialEntryPoints took 0,0104 s
[info] [info][project] initialization of FPCFAnalysesManager took 0,0006 s
[info] [info][analysis configuration] the domain class org.opalj.ai.domain.l0.PrimitiveTACAIDomain will be used for performing abstract interpretations
[info] [info][project] initialization of AIDomainFactory took 0,0852 s
[info] [info][project] initialization of ContextProvider took 0,0000 s
[info] [info][project] initialization of TypeIterator took 0,0000 s
[info] [info][project] initialization of ProjectIndex took 0,0023 s
[info] [info][project] initialization of VirtualFormalParameters took 0,0020 s
[info] [info][project] initialization of DefinitionSites took 0,0004 s
[info] [info][analysis progress] setting up analysis phase 0: PhaseConfiguration(
[info] [info][analysis progress] 	computedInThisPhase={opalj.LoadedClasses, opalj.TACAI, opalj.CallersProperty, opalj.ForNameClasses, opalj.Callees, opalj.InstantiatedTypes}
[info] [info][analysis progress] 	computedInLaterPhase={}
[info] [info][analysis progress] 	suppressInterimUpdates={}
[info] [info][analysis progress] 	finalizationOrder=[  ]
[info] [info][analysis progress] )
[info] [info][OPAL Static Analyses Infrastructure] Production Build
[info] [info][analysis configuration] reflection analysis uses standard mode
[info] [info][OPAL Abstract Interpretation Framework] Production Build
[info] [info][OPAL] org.opalj.br.cfg.CFG.Validate: validation off
[info] [info][OPAL] org.opalj.br.cfg.CFG.DF.Solver.Trace: false
[info] [info][analysis progress] analysis phase 0 took 0,2464 s
[info] [info][project] initialization of RTACallGraph took 0,3099 s
[info] Start: Wed Feb 26 18:25:51 CET 2025
[info] [info][project] initialization of LazyDetachedTACAI took 0,0008 s
[info] [info][analysis progress] setting up analysis phase 0: PhaseConfiguration(
[info] [info][analysis progress] 	computedInThisPhase={Taint}
[info] [info][analysis progress] 	computedInLaterPhase={}
[info] [info][analysis progress] 	suppressInterimUpdates={}
[info] [info][analysis progress] 	finalizationOrder=[  ]
[info] [info][analysis progress] )
[info] [info][analysis progress] analysis phase 0 took 0,0078 s
[info] ---METHOD: GenericExecutor1{ public void <init>() }  ---
[info] ---METHOD: GenericExecutor1{ public static void main(java.lang.String[]) }  ---
[info] flow: main
[info] ---METHOD: GenericExecutor1{ public void method1() }  ---
[success] Total time: 6 s, completed 26.02.2025 18:25:52

[2025-02-26 18:25:52] The output is cut to the relevant part, to save tokens:  initialization of LazyDetachedTACAI took 0,0008 s
[info] [info][analysis progress] setting up analysis phase 0: PhaseConfiguration(
[info] [info][analysis progress] 	computedInThisPhase={Taint}
[info] [info][analysis progress] 	computedInLaterPhase={}
[info] [info][analysis progress] 	suppressInterimUpdates={}
[info] [info][analysis progress] 	finalizationOrder=[  ]
[info] [info][analysis progress] )
[info] [info][analysis progress] analysis phase 0 took 0,0078 s
[info] ---METHOD: GenericExecutor1{ public void <init>() }  ---
[info] ---METHOD: GenericExecutor1{ public static void main(java.lang.String[]) }  ---
[info] flow: main
[info] ---METHOD: GenericExecutor1{ public void method1() }  ---
[success] Total time: 6 s, completed 26.02.2025 18:25:52

[2025-02-26 18:25:52] The execution was succesful and resulted in the following output:  initialization of LazyDetachedTACAI took 0,0008 s
[info] [info][analysis progress] setting up analysis phase 0: PhaseConfiguration(
[info] [info][analysis progress] 	computedInThisPhase={Taint}
[info] [info][analysis progress] 	computedInLaterPhase={}
[info] [info][analysis progress] 	suppressInterimUpdates={}
[info] [info][analysis progress] 	finalizationOrder=[  ]
[info] [info][analysis progress] )
[info] [info][analysis progress] analysis phase 0 took 0,0078 s
[info] ---METHOD: GenericExecutor1{ public void <init>() }  ---
[info] ---METHOD: GenericExecutor1{ public static void main(java.lang.String[]) }  ---
[info] flow: main
[info] ---METHOD: GenericExecutor1{ public void method1() }  ---
[success] Total time: 6 s, completed 26.02.2025 18:25:52

[2025-02-26 18:25:53] LLM response: The output of the taint analysis does not provide any information about potential vulnerabilities. The analysis was run successfully, and the output only shows the progress of the analysis and some information about the methods in the code. 

To better understand potential vulnerabilities in the code, I would need to decompile it first and get a better understanding of what the code is doing. Would you like me to decompile the code at /home/till/Schreibtisch/Uni/SoftwareDevelopmentTools/ExampleExecutions/GenericExecuter/code/e1 and suggest an analysis based on that?
